<?xml version="1.0" encoding="UTF-8"?>
<!-- Generated by org.testng.reporters.JUnitXMLReporter -->
<testsuite ignored="0" hostname="LAPTOP-HLGI9113" failures="1" tests="1" name="ChromeTest" time="56.069" errors="0" timestamp="2021-03-16T12:24:20 IST">
  <testcase classname="com.google.eshopping.testscripts.TC001" name="testProductIsDisplayedInODP" time="21.962">
    <failure type="java.lang.AssertionError" message="expected [false] but found [true]">
      <![CDATA[java.lang.AssertionError: expected [false] but found [true]
at com.google.eshopping.testscripts.TC001.testProductIsDisplayedInODP(TC001.java:25)
at java.base/java.util.ArrayList.forEach(ArrayList.java:1541)
... Removed 33 stack frames]]>
    </failure>
  </testcase> <!-- testProductIsDisplayedInODP -->
</testsuite> <!-- ChromeTest -->
